<?xml version="1.0" encoding="UTF-8"?>
<testsuite xmlns:xsi="http://www.w3.org/2001/XMLSchema-instance" xsi:noNamespaceSchemaLocation="https://maven.apache.org/surefire/maven-surefire-plugin/xsd/surefire-test-report-3.0.xsd" version="3.0" name="TestSuite" time="10.494" tests="2" errors="0" skipped="0" failures="0">
  <properties>
[...]
</properties>
  <testcase name="runScenario[&quot;perform a google job search&quot;, &quot;google Search&quot;](1)" classname="runners.TestRunner" time="4.839">
    <system-out><![CDATA[[TestNGContentHandler] [WARN] It is strongly recommended to add "<!DOCTYPE suite SYSTEM "http://testng.org/testng-1.0.dtd" >" at the top of your file, otherwise TestNG may fail or not work as expected.
**************************************
About 762,000,000 results (0.44 seconds) 
**************************************
]]></system-out>
    <system-err><![CDATA[SLF4J: No SLF4J providers were found.
SLF4J: Defaulting to no-operation (NOP) logger implementation
SLF4J: See https://www.slf4j.org/codes.html#noProviders for further details.
Starting ChromeDriver 122.0.6261.111 (9d4c1072da62b411b351a38b9ed6214ab236aa7b-refs/branch-heads/6261@{#1015}) on port 14956
Only local connections are allowed.
Please see https://chromedriver.chromium.org/security-considerations for suggestions on keeping ChromeDriver safe.
ChromeDriver was started successfully.
Mar 11, 2024 4:29:26 PM org.openqa.selenium.remote.ProtocolHandshake createSession
INFO: Detected dialect: W3C
]]></system-err>
  </testcase>
  <testcase name="runScenario[&quot;perform a google job search&quot;, &quot;google Search&quot;](2)" classname="runners.TestRunner" time="5.131">
    <system-out><![CDATA[**************************************
About 4,170,000,000 results (0.37 seconds) 
**************************************
]]></system-out>
    <system-err><![CDATA[Starting ChromeDriver 122.0.6261.111 (9d4c1072da62b411b351a38b9ed6214ab236aa7b-refs/branch-heads/6261@{#1015}) on port 18124
Only local connections are allowed.
Please see https://chromedriver.chromium.org/security-considerations for suggestions on keeping ChromeDriver safe.
ChromeDriver was started successfully.
Mar 11, 2024 4:29:29 PM org.openqa.selenium.remote.ProtocolHandshake createSession
INFO: Detected dialect: W3C
]]></system-err>
  </testcase>
</testsuite>